<?xml version="1.0" encoding="UTF-8"?>
<!-- Generated by org.testng.reporters.JUnitReportReporter -->
<testsuite hostname="DESKTOP-0R1V25A" failures="0" tests="1" name="tests.TS_004_ProductDetailsTest" time="35.349" errors="0" timestamp="2024-12-30T21:26:09 IST" skipped="0">
  <testcase classname="tests.TS_004_ProductDetailsTest" name="checkProductDetails" time="35.349"/>
</testsuite> <!-- tests.TS_004_ProductDetailsTest -->
