<?xml version="1.0" encoding="UTF-8"?>
<!-- Generated by org.testng.reporters.JUnitReportReporter -->
<testsuite hostname="DESKTOP-0R1V25A" failures="0" tests="1" name="tests.TS_001_SignUpTest" time="5.116" errors="0" timestamp="2024-12-30T21:22:04 IST" skipped="0">
  <testcase classname="tests.TS_001_SignUpTest" name="SignUpToDemoblaze" time="5.116"/>
</testsuite> <!-- tests.TS_001_SignUpTest -->
