<?xml version="1.0" encoding="UTF-8"?>
<!-- Generated by org.testng.reporters.JUnitReportReporter -->
<testsuite hostname="DESKTOP-0R1V25A" failures="0" tests="1" name="tests.TS_005_CartFunctionalityTest" time="9.285" errors="0" timestamp="2024-12-30T21:27:03 IST" skipped="0">
  <testcase classname="tests.TS_005_CartFunctionalityTest" name="validateCartFunctionality" time="9.285"/>
</testsuite> <!-- tests.TS_005_CartFunctionalityTest -->
