<?xml version="1.0" encoding="UTF-8"?>
<!-- Generated by org.testng.reporters.JUnitReportReporter -->
<testsuite hostname="DESKTOP-0R1V25A" failures="0" tests="1" name="tests.TS_002_LoginTest" time="0.892" errors="0" timestamp="2024-12-30T21:23:02 IST" skipped="0">
  <testcase classname="tests.TS_002_LoginTest" name="LoginToDemoBlaze" time="0.892"/>
</testsuite> <!-- tests.TS_002_LoginTest -->
