<?xml version="1.0" encoding="UTF-8"?>
<!-- Generated by org.testng.reporters.JUnitReportReporter -->
<testsuite hostname="DESKTOP-0R1V25A" failures="0" tests="1" name="tests.TS_007_LogoutTest" time="8.802" errors="0" timestamp="2024-12-30T21:30:01 IST" skipped="0">
  <testcase classname="tests.TS_007_LogoutTest" name="validateLogoutFunctionality" time="8.802"/>
</testsuite> <!-- tests.TS_007_LogoutTest -->
