<?xml version="1.0" encoding="UTF-8"?>
<!-- Generated by org.testng.reporters.JUnitReportReporter -->
<testsuite hostname="DESKTOP-0R1V25A" failures="0" tests="1" name="tests.TS_006_PurchaseTest" time="19.766" errors="0" timestamp="2024-12-30T21:29:11 IST" skipped="0">
  <testcase classname="tests.TS_006_PurchaseTest" name="purchaseFunctionality" time="19.766"/>
</testsuite> <!-- tests.TS_006_PurchaseTest -->
