<?xml version="1.0" encoding="UTF-8"?>
<!-- Generated by org.testng.reporters.JUnitReportReporter -->
<testsuite hostname="DESKTOP-0R1V25A" failures="0" tests="1" name="tests.TS_003_DashboardTest" time="12.240" errors="0" timestamp="2024-12-30T21:24:11 IST" skipped="0">
  <testcase classname="tests.TS_003_DashboardTest" name="seeWelcomeUserMessage" time="12.240"/>
</testsuite> <!-- tests.TS_003_DashboardTest -->
